#
# There is insufficient memory for the Java Runtime Environment to continue.
# Native memory allocation (mmap) failed to map 264241152 bytes for Failed to commit area from 0x0000000704c00000 to 0x0000000714800000 of length 264241152.
# Possible reasons:
#   The system is out of physical RAM or swap space
#   The process is running with CompressedOops enabled, and the Java Heap may be blocking the growth of the native heap
# Possible solutions:
#   Reduce memory load on the system
#   Increase physical memory or swap space
#   Check if swap backing store is full
#   Decrease Java heap size (-Xmx/-Xms)
#   Decrease number of Java threads
#   Decrease Java thread stack sizes (-Xss)
#   Set larger code cache with -XX:ReservedCodeCacheSize=
# This output file may be truncated or incomplete.
#
#  Out of Memory Error (./src/hotspot/os/windows/os_windows.cpp:3521), pid=22500, tid=368
#
# JRE version:  (11.0.12+7) (build )
# Java VM: OpenJDK 64-Bit Server VM (11.0.12+7-b1504.28-7817840, mixed mode, sharing, tiered, compressed oops, g1 gc, windows-amd64)
# No core dump will be written. Minidumps are not enabled by default on client versions of Windows
#

---------------  S U M M A R Y ------------

Command Line: 

Host: Intel(R) Core(TM) i7-4790 CPU @ 3.60GHz, 8 cores, 15G,  Windows 10 , 64 bit Build 19041 (10.0.19041.1889)
Time: Mon Sep 19 20:36:47 2022 SE Asia Standard Time elapsed time: 0.017260 seconds (0d 0h 0m 0s)

---------------  T H R E A D  ---------------

Current thread (0x000002cce99cf000):  JavaThread "Unknown thread" [_thread_in_vm, id=368, stack(0x000000e995100000,0x000000e995200000)]

Stack: [0x000000e995100000,0x000000e995200000]
Native frames: (J=compiled Java code, j=interpreted, Vv=VM code, C=native code)
V  [jvm.dll+0x5fbcea]
V  [jvm.dll+0x731905]
V  [jvm.dll+0x732f1d]
V  [jvm.dll+0x7335d3]
V  [jvm.dll+0x247bf8]
V  [jvm.dll+0x5f90b4]
V  [jvm.dll+0x5edc85]
V  [jvm.dll+0x305aeb]
V  [jvm.dll+0x305a5a]
V  [jvm.dll+0x305932]
V  [jvm.dll+0x30a896]
V  [jvm.dll+0x353803]
V  [jvm.dll+0x353f06]
V  [jvm.dll+0x353903]
V  [jvm.dll+0x2e0678]
V  [jvm.dll+0x2e1827]
V  [jvm.dll+0x710037]
V  [jvm.dll+0x71182c]
V  [jvm.dll+0x360da9]
V  [jvm.dll+0x6f390e]
V  [jvm.dll+0x3c9723]
V  [jvm.dll+0x3cb9b1]
C  [jli.dll+0x536b]
C  [ucrtbase.dll+0x21bb2]
C  [KERNEL32.DLL+0x17034]
C  [ntdll.dll+0x526a1]


---------------  P R O C E S S  ---------------

Threads class SMR info:
_java_thread_list=0x000002cce792e370, length=0, elements={
}

Java Threads: ( => current thread )

Other Threads:
  0x000002cce99e1800 GCTaskThread "GC Thread#0" [stack: 0x000000e995200000,0x000000e995300000] [id=12384]
  0x000002cce9a3b800 ConcurrentGCThread "G1 Main Marker" [stack: 0x000000e995300000,0x000000e995400000] [id=26800]
  0x000002cce9a3d000 ConcurrentGCThread "G1 Conc#0" [stack: 0x000000e995400000,0x000000e995500000] [id=26812]

[error occurred during error reporting (printing all threads), id 0xc0000005, EXCEPTION_ACCESS_VIOLATION (0xc0000005) at pc=0x00007ffecec70be7]

VM state:not at safepoint (not fully initialized)

VM Mutex/Monitor currently owned by a thread:  ([mutex/lock_event])
[0x000002cce99c9c80] Heap_lock - owner thread: 0x000002cce99cf000

Heap address: 0x0000000704c00000, size: 4020 MB, Compressed Oops mode: Non-zero based: 0x0000000704c00000
Narrow klass base: 0x0000000000000000, Narrow klass shift: 0

GC Heap History (0 events):
No events

Deoptimization events (0 events):
No events

Classes redefined (0 events):
No events

Internal exceptions (0 events):
No events

Events (1 events):
Event: 0.011 Loaded shared library D:\Android Studio\jre\bin\zip.dll


Dynamic libraries:
0x00007ff7ea0c0000 - 0x00007ff7ea0ca000 	D:\Android Studio\jre\bin\java.EXE
0x00007fff58830000 - 0x00007fff58a28000 	C:\Windows\SYSTEM32\ntdll.dll
0x00007fff577c0000 - 0x00007fff5787d000 	C:\Windows\System32\KERNEL32.DLL
0x00007fff56360000 - 0x00007fff5662e000 	C:\Windows\System32\KERNELBASE.dll
0x00007fff56120000 - 0x00007fff56220000 	C:\Windows\System32\ucrtbase.dll
0x00007fff30200000 - 0x00007fff30219000 	D:\Android Studio\jre\bin\jli.dll
0x00007fff301e0000 - 0x00007fff301f7000 	D:\Android Studio\jre\bin\VCRUNTIME140.dll
0x00007fff571e0000 - 0x00007fff57380000 	C:\Windows\System32\USER32.dll
0x00007fff40120000 - 0x00007fff403ba000 	C:\Windows\WinSxS\amd64_microsoft.windows.common-controls_6595b64144ccf1df_6.0.19041.1110_none_60b5254171f9507e\COMCTL32.dll
0x00007fff56630000 - 0x00007fff56652000 	C:\Windows\System32\win32u.dll
0x00007fff582c0000 - 0x00007fff5835e000 	C:\Windows\System32\msvcrt.dll
0x00007fff58660000 - 0x00007fff5868a000 	C:\Windows\System32\GDI32.dll
0x00007fff56250000 - 0x00007fff5635b000 	C:\Windows\System32\gdi32full.dll
0x00007fff56660000 - 0x00007fff566fd000 	C:\Windows\System32\msvcp_win.dll
0x00007fff587c0000 - 0x00007fff587f0000 	C:\Windows\System32\IMM32.DLL
0x00007ffee7770000 - 0x00007ffee780d000 	D:\Android Studio\jre\bin\msvcp140.dll
0x00007ffece980000 - 0x00007ffecf465000 	D:\Android Studio\jre\bin\server\jvm.dll
0x00007fff57880000 - 0x00007fff5792e000 	C:\Windows\System32\ADVAPI32.dll
0x00007fff58720000 - 0x00007fff587bc000 	C:\Windows\System32\sechost.dll
0x00007fff584a0000 - 0x00007fff585c5000 	C:\Windows\System32\RPCRT4.dll
0x00007fff57940000 - 0x00007fff57948000 	C:\Windows\System32\PSAPI.DLL
0x00007fff301d0000 - 0x00007fff301d9000 	C:\Windows\SYSTEM32\WSOCK32.dll
0x00007fff4e9c0000 - 0x00007fff4e9ca000 	C:\Windows\SYSTEM32\VERSION.dll
0x00007fff58430000 - 0x00007fff5849b000 	C:\Windows\System32\WS2_32.dll
0x00007fff47e20000 - 0x00007fff47e47000 	C:\Windows\SYSTEM32\WINMM.dll
0x00007fff53e60000 - 0x00007fff53e72000 	C:\Windows\SYSTEM32\kernel.appcore.dll
0x00007fff301b0000 - 0x00007fff301c1000 	D:\Android Studio\jre\bin\verify.dll
0x00007fff43570000 - 0x00007fff43754000 	C:\Windows\SYSTEM32\DBGHELP.DLL
0x00007fff3bf40000 - 0x00007fff3bf6c000 	C:\Windows\SYSTEM32\dbgcore.DLL
0x00007fff56800000 - 0x00007fff56882000 	C:\Windows\System32\bcryptPrimitives.dll
0x00007fff1cb00000 - 0x00007fff1cb29000 	D:\Android Studio\jre\bin\java.dll
0x00007fff301a0000 - 0x00007fff301ab000 	D:\Android Studio\jre\bin\jimage.dll
0x00007fff23750000 - 0x00007fff23768000 	D:\Android Studio\jre\bin\zip.dll

dbghelp: loaded successfully - version: 4.0.5 - missing functions: none
symbol engine: initialized successfully - sym options: 0x614 - pdb path: .;D:\Android Studio\jre\bin;C:\Windows\SYSTEM32;C:\Windows\WinSxS\amd64_microsoft.windows.common-controls_6595b64144ccf1df_6.0.19041.1110_none_60b5254171f9507e;D:\Android Studio\jre\bin\server

VM Arguments:
java_command: <unknown>
java_class_path (initial): <not set>
Launcher Type: SUN_STANDARD

[Global flags]
     intx CICompilerCount                          = 4                                         {product} {ergonomic}
     uint ConcGCThreads                            = 2                                         {product} {ergonomic}
     uint G1ConcRefinementThreads                  = 8                                         {product} {ergonomic}
   size_t G1HeapRegionSize                         = 1048576                                   {product} {ergonomic}
    uintx GCDrainStackTargetSize                   = 64                                        {product} {ergonomic}
   size_t InitialHeapSize                          = 264241152                                 {product} {ergonomic}
   size_t MarkStackSize                            = 4194304                                   {product} {ergonomic}
   size_t MaxHeapSize                              = 4215275520                                {product} {ergonomic}
   size_t MinHeapDeltaBytes                        = 1048576                                   {product} {ergonomic}
    uintx NonNMethodCodeHeapSize                   = 5836300                                {pd product} {ergonomic}
    uintx NonProfiledCodeHeapSize                  = 122910970                              {pd product} {ergonomic}
    uintx ProfiledCodeHeapSize                     = 122910970                              {pd product} {ergonomic}
    uintx ReservedCodeCacheSize                    = 251658240                              {pd product} {ergonomic}
     bool SegmentedCodeCache                       = true                                      {product} {ergonomic}
     bool UseCompressedClassPointers               = true                                 {lp64_product} {ergonomic}
     bool UseCompressedOops                        = true                                 {lp64_product} {ergonomic}
     bool UseG1GC                                  = true                                      {product} {ergonomic}
     bool UseLargePagesIndividualAllocation        = false                                  {pd product} {ergonomic}

Logging:
Log output configuration:
 #0: stdout all=warning uptime,level,tags
 #1: stderr all=off uptime,level,tags

Environment Variables:
PATH=C:\Program Files\Common Files\Oracle\Java\javapath;C:\Program Files (x86)\Razer Chroma SDK\bin;C:\Program Files\Razer Chroma SDK\bin;C:\Program Files (x86)\Razer\ChromaBroadcast\bin;C:\Program Files\Razer\ChromaBroadcast\bin;C:\Windows\system32;C:\Windows;C:\Windows\System32\Wbem;C:\Windows\System32\WindowsPowerShell\v1.0\;C:\Windows\System32\OpenSSH\;D:\node;D:\flutter\bin;C:\Program Files (x86)\Java\jre1.8.0_291\bin;D:\Git\cmd;D:\Microsoft VS Code\bin;C:\Windows\system32\config\systemprofile\AppData\Local\Microsoft\WindowsApps;C:\Program Files\dotnet\;C:\Program Files\NVIDIA Corporation\NVIDIA NvDLISR;D:\Dart\dart-sdk\bin;C:\Program Files (x86)\NVIDIA Corporation\PhysX\Common;C:\Users\irvan\AppData\Local\Pub\Cache\bin;C:\Program Files\Cloudflare\Cloudflare WARP\;C:\Users\irvan\AppData\Local\Microsoft\WindowsApps;C:\Users\irvan\AppData\Local\GitHubDesktop\bin;C:\Users\irvan\AppData\Roaming\npm;D:\Microsoft VS Code\bin;D:\flutter\bin\mingit\cmd
USERNAME=irvan
LANG=en_US.UTF-8
OS=Windows_NT
PROCESSOR_IDENTIFIER=Intel64 Family 6 Model 60 Stepping 3, GenuineIntel



---------------  S Y S T E M  ---------------

OS: Windows 10 , 64 bit Build 19041 (10.0.19041.1889)
OS uptime: 2 days 8:52 hours

CPU:total 8 (initial active 8) (4 cores per cpu, 2 threads per core) family 6 model 60 stepping 3 microcode 0x27, cmov, cx8, fxsr, mmx, sse, sse2, sse3, ssse3, sse4.1, sse4.2, popcnt, avx, avx2, aes, clmul, erms, lzcnt, ht, tsc, tscinvbit, bmi1, bmi2, fma

Memory: 4k page, system-wide physical 16077M (2810M free)
TotalPageFile size 30386M (AvailPageFile size 53M)
current process WorkingSet (physical memory assigned to process): 10M, peak: 10M
current process commit charge ("private bytes"): 60M, peak: 312M

vm_info: OpenJDK 64-Bit Server VM (11.0.12+7-b1504.28-7817840) for windows-amd64 JRE (11.0.12+7-b1504.28-7817840), built on Oct 13 2021 22:12:33 by "builder" with MS VC++ 14.0 (VS2015)

END.
