#
# There is insufficient memory for the Java Runtime Environment to continue.
# Native memory allocation (mmap) failed to map 264241152 bytes for G1 virtual space
# Possible reasons:
#   The system is out of physical RAM or swap space
#   The process is running with CompressedOops enabled, and the Java Heap may be blocking the growth of the native heap
# Possible solutions:
#   Reduce memory load on the system
#   Increase physical memory or swap space
#   Check if swap backing store is full
#   Decrease Java heap size (-Xmx/-Xms)
#   Decrease number of Java threads
#   Decrease Java thread stack sizes (-Xss)
#   Set larger code cache with -XX:ReservedCodeCacheSize=
#   JVM is running with Zero Based Compressed Oops mode in which the Java heap is
#     placed in the first 32GB address space. The Java Heap base address is the
#     maximum limit for the native heap growth. Please use -XX:HeapBaseMinAddress
#     to set the Java Heap base and to place the Java Heap above 32GB virtual address.
# This output file may be truncated or incomplete.
#
#  Out of Memory Error (os_windows.cpp:3530), pid=17636, tid=16888
#
# JRE version:  (18.0.1.1+2) (build )
# Java VM: Java HotSpot(TM) 64-Bit Server VM (18.0.1.1+2-6, mixed mode, sharing, tiered, compressed oops, compressed class ptrs, g1 gc, windows-amd64)
# No core dump will be written. Minidumps are not enabled by default on client versions of Windows
#

---------------  S U M M A R Y ------------

Command Line: 

Host: Intel(R) Core(TM) i7-4790 CPU @ 3.60GHz, 8 cores, 15G,  Windows 10 , 64 bit Build 19041 (10.0.19041.1889)
Time: Mon Sep 19 20:36:47 2022 SE Asia Standard Time elapsed time: 0.073118 seconds (0d 0h 0m 0s)

---------------  T H R E A D  ---------------

Current thread (0x000002a8cbb20fe0):  JavaThread "Unknown thread" [_thread_in_vm, id=16888, stack(0x000000cf7da00000,0x000000cf7db00000)]

Stack: [0x000000cf7da00000,0x000000cf7db00000]
Native frames: (J=compiled Java code, j=interpreted, Vv=VM code, C=native code)
V  [jvm.dll+0x69887a]
V  [jvm.dll+0x7f38bd]
V  [jvm.dll+0x7f51ce]
V  [jvm.dll+0x7f5883]
V  [jvm.dll+0x25ca3f]
V  [jvm.dll+0x6957c9]
V  [jvm.dll+0x68a2fa]
V  [jvm.dll+0x321efb]
V  [jvm.dll+0x3298d6]
V  [jvm.dll+0x37e47e]
V  [jvm.dll+0x37e6af]
V  [jvm.dll+0x2f9c7a]
V  [jvm.dll+0x2facdd]
V  [jvm.dll+0x7c24f0]
V  [jvm.dll+0x38b801]
V  [jvm.dll+0x7a1203]
V  [jvm.dll+0x40d6bf]
V  [jvm.dll+0x40f091]
C  [jli.dll+0x526b]
C  [ucrtbase.dll+0x21bb2]
C  [KERNEL32.DLL+0x17034]
C  [ntdll.dll+0x526a1]


---------------  P R O C E S S  ---------------

Threads class SMR info:
_java_thread_list=0x00007fff0076d550, length=0, elements={
}

Java Threads: ( => current thread )

Other Threads:
  0x000002a8cbb913f0 WorkerThread "GC Thread#0" [stack: 0x000000cf7db00000,0x000000cf7dc00000] [id=27336]
  0x000002a8cbba3610 ConcurrentGCThread "G1 Main Marker" [stack: 0x000000cf7dc00000,0x000000cf7dd00000] [id=25548]
  0x000002a8cbba4000 WorkerThread "G1 Conc#0" [stack: 0x000000cf7dd00000,0x000000cf7de00000] [id=26852]

[error occurred during error reporting (printing all threads), id 0xc0000005, EXCEPTION_ACCESS_VIOLATION (0xc0000005) at pc=0x00007ffefff9a217]

VM state: not at safepoint (not fully initialized)

VM Mutex/Monitor currently owned by a thread:  ([mutex/lock_event])
[0x000002a8cbb1cda0] Heap_lock - owner thread: 0x000002a8cbb20fe0

Heap address: 0x0000000704c00000, size: 4020 MB, Compressed Oops mode: Zero based, Oop shift amount: 3

CDS archive(s) mapped at: [0x0000000000000000-0x0000000000000000-0x0000000000000000), size 0, SharedBaseAddress: 0x0000000800000000, ArchiveRelocationMode: 0.
Narrow klass base: 0x0000000000000000, Narrow klass shift: 0, Narrow klass range: 0x0

GC Precious Log:
 CardTable entry size: 512
 Card Set container configuration: InlinePtr #cards 4 size 8 Array Of Cards #cards 16 size 48 Howl #buckets 8 coarsen threshold 3686 Howl Bitmap #cards 512 size 80 coarsen threshold 460 Card regions per heap region 1 cards per card region 4096

Heap:
 garbage-first heap   total 0K, used 0K [0x0000000704c00000, 0x0000000800000000)
  region size 2048K, 0 young (0K), 0 survivors (0K)

[error occurred during error reporting (printing heap information), id 0xc0000005, EXCEPTION_ACCESS_VIOLATION (0xc0000005) at pc=0x00007fff00380cb9]

GC Heap History (0 events):
No events

Deoptimization events (0 events):
No events

Classes loaded (0 events):
No events

Classes unloaded (0 events):
No events

Classes redefined (0 events):
No events

Internal exceptions (0 events):
No events

VM Operations (0 events):
No events

Events (1 events):
Event: 0.044 Loaded shared library C:\Program Files\Java\jdk-18.0.1.1\bin\java.dll


Dynamic libraries:
0x00007ff7d73e0000 - 0x00007ff7d73f0000 	C:\Program Files\Java\jdk-18.0.1.1\bin\java.exe
0x00007fff58830000 - 0x00007fff58a28000 	C:\Windows\SYSTEM32\ntdll.dll
0x00007fff577c0000 - 0x00007fff5787d000 	C:\Windows\System32\KERNEL32.DLL
0x00007fff56360000 - 0x00007fff5662e000 	C:\Windows\System32\KERNELBASE.dll
0x00007fff56120000 - 0x00007fff56220000 	C:\Windows\System32\ucrtbase.dll
0x00007fff41380000 - 0x00007fff41398000 	C:\Program Files\Java\jdk-18.0.1.1\bin\jli.dll
0x00007fff57880000 - 0x00007fff5792e000 	C:\Windows\System32\ADVAPI32.dll
0x00007fff41360000 - 0x00007fff4137a000 	C:\Program Files\Java\jdk-18.0.1.1\bin\VCRUNTIME140.dll
0x00007fff582c0000 - 0x00007fff5835e000 	C:\Windows\System32\msvcrt.dll
0x00007fff58720000 - 0x00007fff587bc000 	C:\Windows\System32\sechost.dll
0x00007fff584a0000 - 0x00007fff585c5000 	C:\Windows\System32\RPCRT4.dll
0x00007fff571e0000 - 0x00007fff57380000 	C:\Windows\System32\USER32.dll
0x00007fff56630000 - 0x00007fff56652000 	C:\Windows\System32\win32u.dll
0x00007fff58660000 - 0x00007fff5868a000 	C:\Windows\System32\GDI32.dll
0x00007fff56250000 - 0x00007fff5635b000 	C:\Windows\System32\gdi32full.dll
0x00007fff56660000 - 0x00007fff566fd000 	C:\Windows\System32\msvcp_win.dll
0x00007fff40120000 - 0x00007fff403ba000 	C:\Windows\WinSxS\amd64_microsoft.windows.common-controls_6595b64144ccf1df_6.0.19041.1110_none_60b5254171f9507e\COMCTL32.dll
0x00007fff4e9c0000 - 0x00007fff4e9ca000 	C:\Windows\SYSTEM32\VERSION.dll
0x00007fff587c0000 - 0x00007fff587f0000 	C:\Windows\System32\IMM32.DLL
0x00007fff51150000 - 0x00007fff5115c000 	C:\Program Files\Java\jdk-18.0.1.1\bin\vcruntime140_1.dll
0x00007fff2bc10000 - 0x00007fff2bc9d000 	C:\Program Files\Java\jdk-18.0.1.1\bin\msvcp140.dll
0x00007ffeffc90000 - 0x00007fff008a0000 	C:\Program Files\Java\jdk-18.0.1.1\bin\server\jvm.dll
0x00007fff301d0000 - 0x00007fff301d9000 	C:\Windows\SYSTEM32\WSOCK32.dll
0x00007fff57940000 - 0x00007fff57948000 	C:\Windows\System32\PSAPI.DLL
0x00007fff58430000 - 0x00007fff5849b000 	C:\Windows\System32\WS2_32.dll
0x00007fff47e20000 - 0x00007fff47e47000 	C:\Windows\SYSTEM32\WINMM.dll
0x00007fff53e60000 - 0x00007fff53e72000 	C:\Windows\SYSTEM32\kernel.appcore.dll
0x00007fff510b0000 - 0x00007fff510ba000 	C:\Program Files\Java\jdk-18.0.1.1\bin\jimage.dll
0x00007fff43570000 - 0x00007fff43754000 	C:\Windows\SYSTEM32\DBGHELP.DLL
0x00007fff3bf40000 - 0x00007fff3bf6c000 	C:\Windows\SYSTEM32\dbgcore.DLL
0x00007fff56800000 - 0x00007fff56882000 	C:\Windows\System32\bcryptPrimitives.dll
0x00007fff32940000 - 0x00007fff32965000 	C:\Program Files\Java\jdk-18.0.1.1\bin\java.dll

dbghelp: loaded successfully - version: 4.0.5 - missing functions: none
symbol engine: initialized successfully - sym options: 0x614 - pdb path: .;C:\Program Files\Java\jdk-18.0.1.1\bin;C:\Windows\SYSTEM32;C:\Windows\WinSxS\amd64_microsoft.windows.common-controls_6595b64144ccf1df_6.0.19041.1110_none_60b5254171f9507e;C:\Program Files\Java\jdk-18.0.1.1\bin\server

VM Arguments:
java_command: <unknown>
java_class_path (initial): <not set>
Launcher Type: SUN_STANDARD

[Global flags]
     intx CICompilerCount                          = 4                                         {product} {ergonomic}
     uint ConcGCThreads                            = 2                                         {product} {ergonomic}
     uint G1ConcRefinementThreads                  = 8                                         {product} {ergonomic}
   size_t G1HeapRegionSize                         = 2097152                                   {product} {ergonomic}
    uintx GCDrainStackTargetSize                   = 64                                        {product} {ergonomic}
   size_t InitialHeapSize                          = 264241152                                 {product} {ergonomic}
   size_t MarkStackSize                            = 4194304                                   {product} {ergonomic}
   size_t MaxHeapSize                              = 4215275520                                {product} {ergonomic}
   size_t MinHeapDeltaBytes                        = 2097152                                   {product} {ergonomic}
   size_t MinHeapSize                              = 8388608                                   {product} {ergonomic}
    uintx NonNMethodCodeHeapSize                   = 5839372                                {pd product} {ergonomic}
    uintx NonProfiledCodeHeapSize                  = 122909434                              {pd product} {ergonomic}
    uintx ProfiledCodeHeapSize                     = 122909434                              {pd product} {ergonomic}
    uintx ReservedCodeCacheSize                    = 251658240                              {pd product} {ergonomic}
     bool SegmentedCodeCache                       = true                                      {product} {ergonomic}
   size_t SoftMaxHeapSize                          = 4215275520                             {manageable} {ergonomic}
     bool UseCompressedClassPointers               = true                           {product lp64_product} {ergonomic}
     bool UseCompressedOops                        = true                           {product lp64_product} {ergonomic}
     bool UseG1GC                                  = true                                      {product} {ergonomic}
     bool UseLargePagesIndividualAllocation        = false                                  {pd product} {ergonomic}

Logging:
Log output configuration:
 #0: stdout all=warning uptime,level,tags foldmultilines=false
 #1: stderr all=off uptime,level,tags foldmultilines=false

Environment Variables:
PATH=C:\Program Files\Common Files\Oracle\Java\javapath;C:\Program Files (x86)\Razer Chroma SDK\bin;C:\Program Files\Razer Chroma SDK\bin;C:\Program Files (x86)\Razer\ChromaBroadcast\bin;C:\Program Files\Razer\ChromaBroadcast\bin;C:\Windows\system32;C:\Windows;C:\Windows\System32\Wbem;C:\Windows\System32\WindowsPowerShell\v1.0\;C:\Windows\System32\OpenSSH\;D:\node;D:\flutter\bin;C:\Program Files (x86)\Java\jre1.8.0_291\bin;D:\Git\cmd;D:\Microsoft VS Code\bin;C:\Windows\system32\config\systemprofile\AppData\Local\Microsoft\WindowsApps;C:\Program Files\dotnet\;C:\Program Files\NVIDIA Corporation\NVIDIA NvDLISR;D:\Dart\dart-sdk\bin;C:\Program Files (x86)\NVIDIA Corporation\PhysX\Common;C:\Users\irvan\AppData\Local\Pub\Cache\bin;C:\Program Files\Cloudflare\Cloudflare WARP\;C:\Users\irvan\AppData\Local\Microsoft\WindowsApps;C:\Users\irvan\AppData\Local\GitHubDesktop\bin;C:\Users\irvan\AppData\Roaming\npm;D:\Microsoft VS Code\bin;D:\flutter\bin\mingit\cmd
USERNAME=irvan
LANG=en_US.UTF-8
OS=Windows_NT
PROCESSOR_IDENTIFIER=Intel64 Family 6 Model 60 Stepping 3, GenuineIntel



---------------  S Y S T E M  ---------------

OS:
 Windows 10 , 64 bit Build 19041 (10.0.19041.1889)
OS uptime: 2 days 8:52 hours

CPU: total 8 (initial active 8) (4 cores per cpu, 2 threads per core) family 6 model 60 stepping 3 microcode 0x27, cx8, cmov, fxsr, ht, mmx, sse, sse2, sse3, ssse3, sse4.1, sse4.2, popcnt, lzcnt, tsc, tscinvbit, avx, avx2, aes, erms, clmul, bmi1, bmi2, fma, vzeroupper, clflush

Memory: 4k page, system-wide physical 16077M (2774M free)
TotalPageFile size 30386M (AvailPageFile size 41M)
current process WorkingSet (physical memory assigned to process): 10M, peak: 10M
current process commit charge ("private bytes"): 60M, peak: 312M

vm_info: Java HotSpot(TM) 64-Bit Server VM (18.0.1.1+2-6) for windows-amd64 JRE (18.0.1.1+2-6), built on Apr 25 2022 21:53:15 by "mach5one" with MS VC++ 16.8 / 16.9 (VS2019)

END.
